  ConsoleApplication1.cpp
C:\projek AKU\Grafika\CODE UAS GRAFIKA\ConsoleApplication1\ConsoleApplication1.cpp(35,21): warning C4244: 'initializing': conversion from 'double' to 'float', possible loss of data
C:\projek AKU\Grafika\CODE UAS GRAFIKA\ConsoleApplication1\ConsoleApplication1.cpp(48,18): warning C4305: 'argument': truncation from 'double' to 'float'
C:\projek AKU\Grafika\CODE UAS GRAFIKA\ConsoleApplication1\ConsoleApplication1.cpp(50,18): warning C4305: 'argument': truncation from 'double' to 'float'
C:\projek AKU\Grafika\CODE UAS GRAFIKA\ConsoleApplication1\ConsoleApplication1.cpp(52,18): warning C4305: 'argument': truncation from 'double' to 'float'
C:\projek AKU\Grafika\CODE UAS GRAFIKA\ConsoleApplication1\ConsoleApplication1.cpp(54,18): warning C4305: 'argument': truncation from 'double' to 'float'
C:\projek AKU\Grafika\CODE UAS GRAFIKA\ConsoleApplication1\ConsoleApplication1.cpp(64,21): warning C4244: 'argument': conversion from 'double' to 'GLfloat', possible loss of data
C:\projek AKU\Grafika\CODE UAS GRAFIKA\ConsoleApplication1\ConsoleApplication1.cpp(66,23): warning C4305: 'argument': truncation from 'double' to 'GLfloat'
C:\projek AKU\Grafika\CODE UAS GRAFIKA\ConsoleApplication1\ConsoleApplication1.cpp(66,18): warning C4305: 'argument': truncation from 'double' to 'GLfloat'
C:\projek AKU\Grafika\CODE UAS GRAFIKA\ConsoleApplication1\ConsoleApplication1.cpp(74,21): warning C4244: 'argument': conversion from 'double' to 'GLfloat', possible loss of data
C:\projek AKU\Grafika\CODE UAS GRAFIKA\ConsoleApplication1\ConsoleApplication1.cpp(76,23): warning C4305: 'argument': truncation from 'double' to 'GLfloat'
C:\projek AKU\Grafika\CODE UAS GRAFIKA\ConsoleApplication1\ConsoleApplication1.cpp(77,37): warning C4305: 'argument': truncation from 'double' to 'float'
C:\projek AKU\Grafika\CODE UAS GRAFIKA\ConsoleApplication1\ConsoleApplication1.cpp(77,32): warning C4305: 'argument': truncation from 'double' to 'float'
C:\projek AKU\Grafika\CODE UAS GRAFIKA\ConsoleApplication1\ConsoleApplication1.cpp(77,27): warning C4305: 'argument': truncation from 'double' to 'float'
C:\projek AKU\Grafika\CODE UAS GRAFIKA\ConsoleApplication1\ConsoleApplication1.cpp(77,22): warning C4305: 'argument': truncation from 'double' to 'float'
C:\projek AKU\Grafika\CODE UAS GRAFIKA\ConsoleApplication1\ConsoleApplication1.cpp(84,21): warning C4244: 'argument': conversion from 'double' to 'GLfloat', possible loss of data
C:\projek AKU\Grafika\CODE UAS GRAFIKA\ConsoleApplication1\ConsoleApplication1.cpp(86,23): warning C4305: 'argument': truncation from 'double' to 'GLfloat'
C:\projek AKU\Grafika\CODE UAS GRAFIKA\ConsoleApplication1\ConsoleApplication1.cpp(86,18): warning C4305: 'argument': truncation from 'double' to 'GLfloat'
C:\projek AKU\Grafika\CODE UAS GRAFIKA\ConsoleApplication1\ConsoleApplication1.cpp(87,38): warning C4305: 'argument': truncation from 'double' to 'float'
C:\projek AKU\Grafika\CODE UAS GRAFIKA\ConsoleApplication1\ConsoleApplication1.cpp(87,33): warning C4305: 'argument': truncation from 'double' to 'float'
C:\projek AKU\Grafika\CODE UAS GRAFIKA\ConsoleApplication1\ConsoleApplication1.cpp(87,28): warning C4305: 'argument': truncation from 'double' to 'float'
C:\projek AKU\Grafika\CODE UAS GRAFIKA\ConsoleApplication1\ConsoleApplication1.cpp(87,22): warning C4305: 'argument': truncation from 'double' to 'float'
C:\projek AKU\Grafika\CODE UAS GRAFIKA\ConsoleApplication1\ConsoleApplication1.cpp(94,21): warning C4244: 'argument': conversion from 'double' to 'GLfloat', possible loss of data
C:\projek AKU\Grafika\CODE UAS GRAFIKA\ConsoleApplication1\ConsoleApplication1.cpp(96,18): warning C4305: 'argument': truncation from 'double' to 'GLfloat'
C:\projek AKU\Grafika\CODE UAS GRAFIKA\ConsoleApplication1\ConsoleApplication1.cpp(97,22): warning C4305: 'argument': truncation from 'double' to 'float'
C:\projek AKU\Grafika\CODE UAS GRAFIKA\ConsoleApplication1\ConsoleApplication1.cpp(102,18): warning C4305: 'argument': truncation from 'double' to 'float'
  ConsoleApplication1.vcxproj -> C:\projek AKU\Grafika\CODE UAS GRAFIKA\Debug\ConsoleApplication1.exe
